{"C:\\PROJECTS\\project-kisan\\translations.ts": {"path":"C:\\PROJECTS\\project-kisan\\translations.ts","statementMap":{"0":{"start":{"line":3,"column":28},"end":{"line":677,"column":1}}},"fnMap":{},"branchMap":{},"s":{"0":1},"f":{},"b":{},"_coverageSchema":"1a1c01bbd47fc00a2c39e90264f33305004495a9","hash":"e6cf0f113449efa8403313dab326994631a9e0a5"}
,"C:\\PROJECTS\\project-kisan\\components\\Community.tsx": {"path":"C:\\PROJECTS\\project-kisan\\components\\Community.tsx","statementMap":{"0":{"start":{"line":10,"column":29},"end":{"line":12,"column":1}},"1":{"start":{"line":14,"column":28},"end":{"line":84,"column":1}},"2":{"start":{"line":15,"column":28},"end":{"line":15,"column":58}},"3":{"start":{"line":16,"column":32},"end":{"line":16,"column":44}},"4":{"start":{"line":17,"column":32},"end":{"line":17,"column":44}},"5":{"start":{"line":18,"column":38},"end":{"line":18,"column":67}},"6":{"start":{"line":20,"column":24},"end":{"line":27,"column":3}},"7":{"start":{"line":21,"column":4},"end":{"line":21,"column":32}},"8":{"start":{"line":21,"column":25},"end":{"line":21,"column":32}},"9":{"start":{"line":22,"column":4},"end":{"line":25,"column":7}},"10":{"start":{"line":26,"column":4},"end":{"line":26,"column":19}},"11":{"start":{"line":29,"column":27},"end":{"line":38,"column":3}},"12":{"start":{"line":30,"column":4},"end":{"line":30,"column":32}},"13":{"start":{"line":30,"column":25},"end":{"line":30,"column":32}},"14":{"start":{"line":31,"column":4},"end":{"line":35,"column":7}},"15":{"start":{"line":32,"column":6},"end":{"line":34,"column":14}},"16":{"start":{"line":36,"column":4},"end":{"line":36,"column":19}},"17":{"start":{"line":37,"column":4},"end":{"line":37,"column":24}},"18":{"start":{"line":40,"column":2},"end":{"line":83,"column":4}},"19":{"start":{"line":48,"column":25},"end":{"line":48,"column":51}},"20":{"start":{"line":54,"column":10},"end":{"line":79,"column":16}},"21":{"start":{"line":60,"column":31},"end":{"line":60,"column":53}},"22":{"start":{"line":68,"column":35},"end":{"line":68,"column":61}},"23":{"start":{"line":70,"column":94},"end":{"line":70,"column":119}},"24":{"start":{"line":75,"column":18},"end":{"line":75,"column":107}}},"fnMap":{"0":{"name":"(anonymous_0)","decl":{"start":{"line":14,"column":28},"end":{"line":14,"column":29}},"loc":{"start":{"line":14,"column":34},"end":{"line":84,"column":1}},"line":14},"1":{"name":"(anonymous_1)","decl":{"start":{"line":20,"column":24},"end":{"line":20,"column":25}},"loc":{"start":{"line":20,"column":30},"end":{"line":27,"column":3}},"line":20},"2":{"name":"(anonymous_2)","decl":{"start":{"line":29,"column":27},"end":{"line":29,"column":28}},"loc":{"start":{"line":29,"column":47},"end":{"line":38,"column":3}},"line":29},"3":{"name":"(anonymous_3)","decl":{"start":{"line":31,"column":23},"end":{"line":31,"column":24}},"loc":{"start":{"line":32,"column":6},"end":{"line":34,"column":14}},"line":32},"4":{"name":"(anonymous_4)","decl":{"start":{"line":48,"column":20},"end":{"line":48,"column":21}},"loc":{"start":{"line":48,"column":25},"end":{"line":48,"column":51}},"line":48},"5":{"name":"(anonymous_5)","decl":{"start":{"line":53,"column":19},"end":{"line":53,"column":20}},"loc":{"start":{"line":54,"column":10},"end":{"line":79,"column":16}},"line":54},"6":{"name":"(anonymous_6)","decl":{"start":{"line":60,"column":25},"end":{"line":60,"column":26}},"loc":{"start":{"line":60,"column":31},"end":{"line":60,"column":53}},"line":60},"7":{"name":"(anonymous_7)","decl":{"start":{"line":68,"column":30},"end":{"line":68,"column":31}},"loc":{"start":{"line":68,"column":35},"end":{"line":68,"column":61}},"line":68},"8":{"name":"(anonymous_8)","decl":{"start":{"line":70,"column":88},"end":{"line":70,"column":89}},"loc":{"start":{"line":70,"column":94},"end":{"line":70,"column":119}},"line":70},"9":{"name":"(anonymous_9)","decl":{"start":{"line":74,"column":35},"end":{"line":74,"column":36}},"loc":{"start":{"line":75,"column":18},"end":{"line":75,"column":107}},"line":75}},"branchMap":{"0":{"loc":{"start":{"line":21,"column":4},"end":{"line":21,"column":32}},"type":"if","locations":[{"start":{"line":21,"column":4},"end":{"line":21,"column":32}},{"start":{},"end":{}}],"line":21},"1":{"loc":{"start":{"line":30,"column":4},"end":{"line":30,"column":32}},"type":"if","locations":[{"start":{"line":30,"column":4},"end":{"line":30,"column":32}},{"start":{},"end":{}}],"line":30},"2":{"loc":{"start":{"line":32,"column":6},"end":{"line":34,"column":14}},"type":"cond-expr","locations":[{"start":{"line":33,"column":10},"end":{"line":33,"column":60}},{"start":{"line":34,"column":10},"end":{"line":34,"column":14}}],"line":32},"3":{"loc":{"start":{"line":62,"column":15},"end":{"line":72,"column":15}},"type":"binary-expr","locations":[{"start":{"line":62,"column":15},"end":{"line":62,"column":37}},{"start":{"line":63,"column":16},"end":{"line":71,"column":22}}],"line":62}},"s":{"0":1,"1":1,"2":4,"3":4,"4":4,"5":4,"6":4,"7":1,"8":0,"9":1,"10":1,"11":4,"12":0,"13":0,"14":0,"15":0,"16":0,"17":0,"18":4,"19":1,"20":5,"21":0,"22":0,"23":0,"24":8},"f":{"0":4,"1":1,"2":0,"3":0,"4":1,"5":5,"6":0,"7":0,"8":0,"9":8},"b":{"0":[0,1],"1":[0,0],"2":[0,0],"3":[5,0]},"_coverageSchema":"1a1c01bbd47fc00a2c39e90264f33305004495a9","hash":"714c9354e2b5c90ac3690bd0a76a9cca69e32a77"}
,"C:\\PROJECTS\\project-kisan\\components\\MarkdownRenderer.tsx": {"path":"C:\\PROJECTS\\project-kisan\\components\\MarkdownRenderer.tsx","statementMap":{"0":{"start":{"line":7,"column":58},"end":{"line":65,"column":1}},"1":{"start":{"line":8,"column":21},"end":{"line":12,"column":3}},"2":{"start":{"line":9,"column":16},"end":{"line":9,"column":45}},"3":{"start":{"line":10,"column":4},"end":{"line":10,"column":27}},"4":{"start":{"line":11,"column":4},"end":{"line":11,"column":25}},"5":{"start":{"line":14,"column":21},"end":{"line":30,"column":3}},"6":{"start":{"line":16,"column":24},"end":{"line":16,"column":40}},"7":{"start":{"line":19,"column":26},"end":{"line":19,"column":86}},"8":{"start":{"line":22,"column":4},"end":{"line":27,"column":5}},"9":{"start":{"line":23,"column":26},"end":{"line":23,"column":111}},"10":{"start":{"line":24,"column":6},"end":{"line":26,"column":8}},"11":{"start":{"line":29,"column":4},"end":{"line":29,"column":81}},"12":{"start":{"line":32,"column":16},"end":{"line":32,"column":35}},"13":{"start":{"line":33,"column":38},"end":{"line":33,"column":40}},"14":{"start":{"line":34,"column":30},"end":{"line":34,"column":32}},"15":{"start":{"line":36,"column":2},"end":{"line":54,"column":5}},"16":{"start":{"line":37,"column":25},"end":{"line":37,"column":85}},"17":{"start":{"line":39,"column":6},"end":{"line":53,"column":7}},"18":{"start":{"line":40,"column":10},"end":{"line":40,"column":33}},"19":{"start":{"line":42,"column":10},"end":{"line":49,"column":11}},"20":{"start":{"line":43,"column":14},"end":{"line":47,"column":16}},"21":{"start":{"line":48,"column":14},"end":{"line":48,"column":31}},"22":{"start":{"line":50,"column":10},"end":{"line":52,"column":11}},"23":{"start":{"line":51,"column":12},"end":{"line":51,"column":51}},"24":{"start":{"line":56,"column":2},"end":{"line":62,"column":3}},"25":{"start":{"line":57,"column":6},"end":{"line":61,"column":8}},"26":{"start":{"line":64,"column":2},"end":{"line":64,"column":86}}},"fnMap":{"0":{"name":"(anonymous_0)","decl":{"start":{"line":7,"column":58},"end":{"line":7,"column":59}},"loc":{"start":{"line":7,"column":75},"end":{"line":65,"column":1}},"line":7},"1":{"name":"(anonymous_1)","decl":{"start":{"line":8,"column":21},"end":{"line":8,"column":22}},"loc":{"start":{"line":8,"column":47},"end":{"line":12,"column":3}},"line":8},"2":{"name":"(anonymous_2)","decl":{"start":{"line":14,"column":21},"end":{"line":14,"column":22}},"loc":{"start":{"line":14,"column":54},"end":{"line":30,"column":3}},"line":14},"3":{"name":"(anonymous_3)","decl":{"start":{"line":36,"column":16},"end":{"line":36,"column":17}},"loc":{"start":{"line":36,"column":33},"end":{"line":54,"column":3}},"line":36}},"branchMap":{"0":{"loc":{"start":{"line":22,"column":4},"end":{"line":27,"column":5}},"type":"if","locations":[{"start":{"line":22,"column":4},"end":{"line":27,"column":5}},{"start":{},"end":{}}],"line":22},"1":{"loc":{"start":{"line":22,"column":8},"end":{"line":22,"column":68}},"type":"binary-expr","locations":[{"start":{"line":22,"column":8},"end":{"line":22,"column":36}},{"start":{"line":22,"column":40},"end":{"line":22,"column":68}}],"line":22},"2":{"loc":{"start":{"line":37,"column":25},"end":{"line":37,"column":85}},"type":"binary-expr","locations":[{"start":{"line":37,"column":25},"end":{"line":37,"column":53}},{"start":{"line":37,"column":57},"end":{"line":37,"column":85}}],"line":37},"3":{"loc":{"start":{"line":39,"column":6},"end":{"line":53,"column":7}},"type":"if","locations":[{"start":{"line":39,"column":6},"end":{"line":53,"column":7}},{"start":{"line":41,"column":13},"end":{"line":53,"column":7}}],"line":39},"4":{"loc":{"start":{"line":42,"column":10},"end":{"line":49,"column":11}},"type":"if","locations":[{"start":{"line":42,"column":10},"end":{"line":49,"column":11}},{"start":{},"end":{}}],"line":42},"5":{"loc":{"start":{"line":50,"column":10},"end":{"line":52,"column":11}},"type":"if","locations":[{"start":{"line":50,"column":10},"end":{"line":52,"column":11}},{"start":{},"end":{}}],"line":50},"6":{"loc":{"start":{"line":56,"column":2},"end":{"line":62,"column":3}},"type":"if","locations":[{"start":{"line":56,"column":2},"end":{"line":62,"column":3}},{"start":{},"end":{}}],"line":56}},"s":{"0":1,"1":0,"2":0,"3":0,"4":0,"5":0,"6":0,"7":0,"8":0,"9":0,"10":0,"11":0,"12":0,"13":0,"14":0,"15":0,"16":0,"17":0,"18":0,"19":0,"20":0,"21":0,"22":0,"23":0,"24":0,"25":0,"26":0},"f":{"0":0,"1":0,"2":0,"3":0},"b":{"0":[0,0],"1":[0,0],"2":[0,0],"3":[0,0],"4":[0,0],"5":[0,0],"6":[0,0]},"_coverageSchema":"1a1c01bbd47fc00a2c39e90264f33305004495a9","hash":"fba99f9605743019b08fd3f737618ee7d2b0697e"}
,"C:\\PROJECTS\\project-kisan\\components\\MarketPrices.tsx": {"path":"C:\\PROJECTS\\project-kisan\\components\\MarketPrices.tsx","statementMap":{"0":{"start":{"line":15,"column":28},"end":{"line":15,"column":40}},"1":{"start":{"line":16,"column":30},"end":{"line":19,"column":4}},"2":{"start":{"line":17,"column":19},"end":{"line":17,"column":55}},"3":{"start":{"line":18,"column":4},"end":{"line":18,"column":32}},"4":{"start":{"line":20,"column":36},"end":{"line":20,"column":51}},"5":{"start":{"line":21,"column":28},"end":{"line":21,"column":40}},"6":{"start":{"line":22,"column":30},"end":{"line":22,"column":47}},"7":{"start":{"line":26,"column":22},"end":{"line":35,"column":3}},"8":{"start":{"line":38,"column":2},"end":{"line":45,"column":9}},"9":{"start":{"line":39,"column":4},"end":{"line":44,"column":6}},"10":{"start":{"line":40,"column":6},"end":{"line":40,"column":19}},"11":{"start":{"line":41,"column":6},"end":{"line":41,"column":20}},"12":{"start":{"line":42,"column":6},"end":{"line":42,"column":19}},"13":{"start":{"line":43,"column":6},"end":{"line":43,"column":46}},"14":{"start":{"line":47,"column":23},"end":{"line":67,"column":3}},"15":{"start":{"line":48,"column":24},"end":{"line":48,"column":44}},"16":{"start":{"line":49,"column":4},"end":{"line":52,"column":5}},"17":{"start":{"line":50,"column":6},"end":{"line":50,"column":35}},"18":{"start":{"line":51,"column":6},"end":{"line":51,"column":13}},"19":{"start":{"line":53,"column":4},"end":{"line":53,"column":23}},"20":{"start":{"line":54,"column":4},"end":{"line":54,"column":17}},"21":{"start":{"line":55,"column":4},"end":{"line":55,"column":18}},"22":{"start":{"line":56,"column":4},"end":{"line":66,"column":5}},"23":{"start":{"line":57,"column":23},"end":{"line":57,"column":67}},"24":{"start":{"line":58,"column":6},"end":{"line":58,"column":26}},"25":{"start":{"line":59,"column":6},"end":{"line":59,"column":53}},"26":{"start":{"line":60,"column":6},"end":{"line":60,"column":79}},"27":{"start":{"line":62,"column":6},"end":{"line":62,"column":79}},"28":{"start":{"line":63,"column":6},"end":{"line":63,"column":95}},"29":{"start":{"line":65,"column":6},"end":{"line":65,"column":26}},"30":{"start":{"line":69,"column":2},"end":{"line":140,"column":4}},"31":{"start":{"line":87,"column":16},"end":{"line":94,"column":25}},"32":{"start":{"line":90,"column":35},"end":{"line":90,"column":47}},"33":{"start":{"line":90,"column":48},"end":{"line":90,"column":64}},"34":{"start":{"line":103,"column":31},"end":{"line":103,"column":55}},"35":{"start":{"line":110,"column":29},"end":{"line":110,"column":43}}},"fnMap":{"0":{"name":"MarketPrices","decl":{"start":{"line":13,"column":24},"end":{"line":13,"column":36}},"loc":{"start":{"line":13,"column":73},"end":{"line":141,"column":1}},"line":13},"1":{"name":"(anonymous_1)","decl":{"start":{"line":16,"column":39},"end":{"line":16,"column":40}},"loc":{"start":{"line":16,"column":45},"end":{"line":19,"column":3}},"line":16},"2":{"name":"(anonymous_2)","decl":{"start":{"line":38,"column":18},"end":{"line":38,"column":19}},"loc":{"start":{"line":38,"column":24},"end":{"line":45,"column":3}},"line":38},"3":{"name":"(anonymous_3)","decl":{"start":{"line":39,"column":11},"end":{"line":39,"column":12}},"loc":{"start":{"line":39,"column":17},"end":{"line":44,"column":5}},"line":39},"4":{"name":"(anonymous_4)","decl":{"start":{"line":47,"column":23},"end":{"line":47,"column":24}},"loc":{"start":{"line":47,"column":55},"end":{"line":67,"column":3}},"line":47},"5":{"name":"(anonymous_5)","decl":{"start":{"line":86,"column":31},"end":{"line":86,"column":32}},"loc":{"start":{"line":87,"column":16},"end":{"line":94,"column":25}},"line":87},"6":{"name":"(anonymous_6)","decl":{"start":{"line":90,"column":27},"end":{"line":90,"column":28}},"loc":{"start":{"line":90,"column":33},"end":{"line":90,"column":66}},"line":90},"7":{"name":"(anonymous_7)","decl":{"start":{"line":103,"column":24},"end":{"line":103,"column":25}},"loc":{"start":{"line":103,"column":31},"end":{"line":103,"column":55}},"line":103},"8":{"name":"(anonymous_8)","decl":{"start":{"line":110,"column":23},"end":{"line":110,"column":24}},"loc":{"start":{"line":110,"column":29},"end":{"line":110,"column":43}},"line":110}},"branchMap":{"0":{"loc":{"start":{"line":18,"column":11},"end":{"line":18,"column":31}},"type":"cond-expr","locations":[{"start":{"line":18,"column":20},"end":{"line":18,"column":26}},{"start":{"line":18,"column":29},"end":{"line":18,"column":31}}],"line":18},"1":{"loc":{"start":{"line":26,"column":22},"end":{"line":35,"column":3}},"type":"binary-expr","locations":[{"start":{"line":26,"column":22},"end":{"line":26,"column":36}},{"start":{"line":26,"column":40},"end":{"line":35,"column":3}}],"line":26},"2":{"loc":{"start":{"line":48,"column":24},"end":{"line":48,"column":44}},"type":"binary-expr","locations":[{"start":{"line":48,"column":24},"end":{"line":48,"column":35}},{"start":{"line":48,"column":39},"end":{"line":48,"column":44}}],"line":48},"3":{"loc":{"start":{"line":49,"column":4},"end":{"line":52,"column":5}},"type":"if","locations":[{"start":{"line":49,"column":4},"end":{"line":52,"column":5}},{"start":{},"end":{}}],"line":49},"4":{"loc":{"start":{"line":62,"column":15},"end":{"line":62,"column":77}},"type":"binary-expr","locations":[{"start":{"line":62,"column":15},"end":{"line":62,"column":24}},{"start":{"line":62,"column":28},"end":{"line":62,"column":77}}],"line":62},"5":{"loc":{"start":{"line":63,"column":31},"end":{"line":63,"column":93}},"type":"binary-expr","locations":[{"start":{"line":63,"column":31},"end":{"line":63,"column":40}},{"start":{"line":63,"column":44},"end":{"line":63,"column":93}}],"line":63},"6":{"loc":{"start":{"line":114,"column":15},"end":{"line":114,"column":61}},"type":"cond-expr","locations":[{"start":{"line":114,"column":27},"end":{"line":114,"column":44}},{"start":{"line":114,"column":47},"end":{"line":114,"column":61}}],"line":114},"7":{"loc":{"start":{"line":118,"column":11},"end":{"line":120,"column":11}},"type":"binary-expr","locations":[{"start":{"line":118,"column":11},"end":{"line":118,"column":16}},{"start":{"line":119,"column":12},"end":{"line":119,"column":144}}],"line":118},"8":{"loc":{"start":{"line":121,"column":11},"end":{"line":136,"column":11}},"type":"binary-expr","locations":[{"start":{"line":121,"column":12},"end":{"line":121,"column":21}},{"start":{"line":121,"column":25},"end":{"line":121,"column":31}},{"start":{"line":122,"column":12},"end":{"line":135,"column":18}}],"line":121},"9":{"loc":{"start":{"line":124,"column":15},"end":{"line":134,"column":15}},"type":"cond-expr","locations":[{"start":{"line":125,"column":16},"end":{"line":129,"column":22}},{"start":{"line":131,"column":16},"end":{"line":133,"column":22}}],"line":124}},"s":{"0":3,"1":3,"2":2,"3":2,"4":3,"5":3,"6":3,"7":3,"8":3,"9":2,"10":2,"11":2,"12":2,"13":2,"14":3,"15":1,"16":1,"17":1,"18":1,"19":0,"20":0,"21":0,"22":0,"23":0,"24":0,"25":0,"26":0,"27":0,"28":0,"29":0,"30":3,"31":24,"32":0,"33":0,"34":0,"35":1},"f":{"0":3,"1":2,"2":2,"3":2,"4":1,"5":24,"6":0,"7":0,"8":1},"b":{"0":[0,2],"1":[3,0],"2":[1,1],"3":[1,0],"4":[0,0],"5":[0,0],"6":[0,3],"7":[3,1],"8":[3,3,0],"9":[0,0]},"_coverageSchema":"1a1c01bbd47fc00a2c39e90264f33305004495a9","hash":"f304e939d4d755e81572f526d97597b2e2b3978e"}
,"C:\\PROJECTS\\project-kisan\\contexts\\NotificationContext.tsx": {"path":"C:\\PROJECTS\\project-kisan\\contexts\\NotificationContext.tsx","statementMap":{"0":{"start":{"line":20,"column":60},"end":{"line":25,"column":1}},"1":{"start":{"line":27,"column":35},"end":{"line":27,"column":101}},"2":{"start":{"line":29,"column":31},"end":{"line":29,"column":68}},"3":{"start":{"line":29,"column":37},"end":{"line":29,"column":68}},"4":{"start":{"line":35,"column":73},"end":{"line":92,"column":1}},"5":{"start":{"line":36,"column":44},"end":{"line":36,"column":72}},"6":{"start":{"line":38,"column":26},"end":{"line":52,"column":8}},"7":{"start":{"line":39,"column":15},"end":{"line":39,"column":36}},"8":{"start":{"line":40,"column":28},"end":{"line":40,"column":59}},"9":{"start":{"line":42,"column":4},"end":{"line":42,"column":57}},"10":{"start":{"line":42,"column":29},"end":{"line":42,"column":55}},"11":{"start":{"line":43,"column":4},"end":{"line":43,"column":45}},"12":{"start":{"line":45,"column":4},"end":{"line":49,"column":5}},"13":{"start":{"line":46,"column":6},"end":{"line":48,"column":19}},"14":{"start":{"line":47,"column":8},"end":{"line":47,"column":31}},"15":{"start":{"line":51,"column":4},"end":{"line":51,"column":14}},"16":{"start":{"line":54,"column":29},"end":{"line":56,"column":8}},"17":{"start":{"line":55,"column":4},"end":{"line":55,"column":82}},"18":{"start":{"line":55,"column":29},"end":{"line":55,"column":80}},"19":{"start":{"line":55,"column":57},"end":{"line":55,"column":79}},"20":{"start":{"line":58,"column":29},"end":{"line":60,"column":8}},"21":{"start":{"line":59,"column":4},"end":{"line":59,"column":25}},"22":{"start":{"line":62,"column":16},"end":{"line":67,"column":3}},"23":{"start":{"line":69,"column":2},"end":{"line":91,"column":4}},"24":{"start":{"line":75,"column":12},"end":{"line":86,"column":18}},"25":{"start":{"line":81,"column":31},"end":{"line":81,"column":66}},"26":{"start":{"line":95,"column":2},"end":{"line":105,"column":3}},"27":{"start":{"line":97,"column":6},"end":{"line":97,"column":81}},"28":{"start":{"line":99,"column":6},"end":{"line":99,"column":73}},"29":{"start":{"line":101,"column":6},"end":{"line":101,"column":85}},"30":{"start":{"line":104,"column":6},"end":{"line":104,"column":77}}},"fnMap":{"0":{"name":"(anonymous_0)","decl":{"start":{"line":22,"column":19},"end":{"line":22,"column":20}},"loc":{"start":{"line":22,"column":25},"end":{"line":22,"column":27}},"line":22},"1":{"name":"(anonymous_1)","decl":{"start":{"line":23,"column":22},"end":{"line":23,"column":23}},"loc":{"start":{"line":23,"column":28},"end":{"line":23,"column":30}},"line":23},"2":{"name":"(anonymous_2)","decl":{"start":{"line":24,"column":22},"end":{"line":24,"column":23}},"loc":{"start":{"line":24,"column":28},"end":{"line":24,"column":30}},"line":24},"3":{"name":"(anonymous_3)","decl":{"start":{"line":29,"column":31},"end":{"line":29,"column":32}},"loc":{"start":{"line":29,"column":37},"end":{"line":29,"column":68}},"line":29},"4":{"name":"(anonymous_4)","decl":{"start":{"line":35,"column":73},"end":{"line":35,"column":74}},"loc":{"start":{"line":35,"column":91},"end":{"line":92,"column":1}},"line":35},"5":{"name":"(anonymous_5)","decl":{"start":{"line":38,"column":38},"end":{"line":38,"column":39}},"loc":{"start":{"line":38,"column":100},"end":{"line":52,"column":3}},"line":38},"6":{"name":"(anonymous_6)","decl":{"start":{"line":42,"column":21},"end":{"line":42,"column":22}},"loc":{"start":{"line":42,"column":29},"end":{"line":42,"column":55}},"line":42},"7":{"name":"(anonymous_7)","decl":{"start":{"line":46,"column":17},"end":{"line":46,"column":18}},"loc":{"start":{"line":46,"column":23},"end":{"line":48,"column":7}},"line":46},"8":{"name":"(anonymous_8)","decl":{"start":{"line":54,"column":41},"end":{"line":54,"column":42}},"loc":{"start":{"line":54,"column":57},"end":{"line":56,"column":3}},"line":54},"9":{"name":"(anonymous_9)","decl":{"start":{"line":55,"column":21},"end":{"line":55,"column":22}},"loc":{"start":{"line":55,"column":29},"end":{"line":55,"column":80}},"line":55},"10":{"name":"(anonymous_10)","decl":{"start":{"line":55,"column":41},"end":{"line":55,"column":42}},"loc":{"start":{"line":55,"column":57},"end":{"line":55,"column":79}},"line":55},"11":{"name":"(anonymous_11)","decl":{"start":{"line":58,"column":41},"end":{"line":58,"column":42}},"loc":{"start":{"line":58,"column":47},"end":{"line":60,"column":3}},"line":58},"12":{"name":"(anonymous_12)","decl":{"start":{"line":74,"column":29},"end":{"line":74,"column":30}},"loc":{"start":{"line":75,"column":12},"end":{"line":86,"column":18}},"line":75},"13":{"name":"(anonymous_13)","decl":{"start":{"line":81,"column":25},"end":{"line":81,"column":26}},"loc":{"start":{"line":81,"column":31},"end":{"line":81,"column":66}},"line":81},"14":{"name":"getNotificationClass","decl":{"start":{"line":94,"column":9},"end":{"line":94,"column":29}},"loc":{"start":{"line":94,"column":62},"end":{"line":106,"column":1}},"line":94}},"branchMap":{"0":{"loc":{"start":{"line":38,"column":80},"end":{"line":38,"column":95}},"type":"default-arg","locations":[{"start":{"line":38,"column":91},"end":{"line":38,"column":95}}],"line":38},"1":{"loc":{"start":{"line":45,"column":4},"end":{"line":49,"column":5}},"type":"if","locations":[{"start":{"line":45,"column":4},"end":{"line":49,"column":5}},{"start":{},"end":{}}],"line":45},"2":{"loc":{"start":{"line":72,"column":7},"end":{"line":89,"column":7}},"type":"binary-expr","locations":[{"start":{"line":72,"column":7},"end":{"line":72,"column":31}},{"start":{"line":73,"column":8},"end":{"line":88,"column":14}}],"line":72},"3":{"loc":{"start":{"line":95,"column":2},"end":{"line":105,"column":3}},"type":"switch","locations":[{"start":{"line":96,"column":4},"end":{"line":97,"column":81}},{"start":{"line":98,"column":4},"end":{"line":99,"column":73}},{"start":{"line":100,"column":4},"end":{"line":101,"column":85}},{"start":{"line":102,"column":4},"end":{"line":102,"column":16}},{"start":{"line":103,"column":4},"end":{"line":104,"column":77}}],"line":95}},"s":{"0":1,"1":1,"2":1,"3":3,"4":1,"5":0,"6":0,"7":0,"8":0,"9":0,"10":0,"11":0,"12":0,"13":0,"14":0,"15":0,"16":0,"17":0,"18":0,"19":0,"20":0,"21":0,"22":0,"23":0,"24":0,"25":0,"26":0,"27":0,"28":0,"29":0,"30":0},"f":{"0":0,"1":0,"2":0,"3":3,"4":0,"5":0,"6":0,"7":0,"8":0,"9":0,"10":0,"11":0,"12":0,"13":0,"14":0},"b":{"0":[0],"1":[0,0],"2":[0,0],"3":[0,0,0,0,0]},"_coverageSchema":"1a1c01bbd47fc00a2c39e90264f33305004495a9","hash":"4dd7084c4e0bdd1b5640cda897b373e2efced67e"}
,"C:\\PROJECTS\\project-kisan\\src\\firebaseConfig.js": {"path":"C:\\PROJECTS\\project-kisan\\src\\firebaseConfig.js","statementMap":{"0":{"start":{"line":5,"column":23},"end":{"line":13,"column":1}},"1":{"start":{"line":16,"column":19},"end":{"line":16,"column":48}},"2":{"start":{"line":17,"column":25},"end":{"line":17,"column":42}}},"fnMap":{},"branchMap":{},"s":{"0":1,"1":1,"2":1},"f":{},"b":{},"_coverageSchema":"1a1c01bbd47fc00a2c39e90264f33305004495a9","hash":"d33de3bb1991c7660924ab3a5498ebbaae012be3"}
,"C:\\PROJECTS\\project-kisan\\utils\\analytics.ts": {"path":"C:\\PROJECTS\\project-kisan\\utils\\analytics.ts","statementMap":{"0":{"start":{"line":5,"column":21},"end":{"line":20,"column":1}},"1":{"start":{"line":7,"column":26},"end":{"line":7,"column":80}},"2":{"start":{"line":11,"column":4},"end":{"line":11,"column":96}},"3":{"start":{"line":15,"column":4},"end":{"line":15,"column":45}},"4":{"start":{"line":19,"column":4},"end":{"line":19,"column":69}}},"fnMap":{"0":{"name":"(anonymous_0)","decl":{"start":{"line":7,"column":8},"end":{"line":7,"column":9}},"loc":{"start":{"line":7,"column":26},"end":{"line":7,"column":80}},"line":7},"1":{"name":"(anonymous_1)","decl":{"start":{"line":10,"column":11},"end":{"line":10,"column":12}},"loc":{"start":{"line":11,"column":4},"end":{"line":11,"column":96}},"line":11},"2":{"name":"(anonymous_2)","decl":{"start":{"line":14,"column":10},"end":{"line":14,"column":11}},"loc":{"start":{"line":15,"column":4},"end":{"line":15,"column":45}},"line":15},"3":{"name":"(anonymous_3)","decl":{"start":{"line":18,"column":9},"end":{"line":18,"column":10}},"loc":{"start":{"line":19,"column":4},"end":{"line":19,"column":69}},"line":19}},"branchMap":{},"s":{"0":1,"1":0,"2":0,"3":0,"4":0},"f":{"0":0,"1":0,"2":0,"3":0},"b":{},"_coverageSchema":"1a1c01bbd47fc00a2c39e90264f33305004495a9","hash":"1ad033d3b30c6da2e334437a35c46701399f894e"}
}
