TN:
SF:translations.ts
FNF:0
FNH:0
DA:3,1
LF:1
LH:1
BRF:0
BRH:0
end_of_record
TN:
SF:components\Community.tsx
FN:14,(anonymous_0)
FN:20,(anonymous_1)
FN:29,(anonymous_2)
FN:31,(anonymous_3)
FN:48,(anonymous_4)
FN:53,(anonymous_5)
FN:60,(anonymous_6)
FN:68,(anonymous_7)
FN:70,(anonymous_8)
FN:74,(anonymous_9)
FNF:10
FNH:5
FNDA:4,(anonymous_0)
FNDA:1,(anonymous_1)
FNDA:0,(anonymous_2)
FNDA:0,(anonymous_3)
FNDA:1,(anonymous_4)
FNDA:5,(anonymous_5)
FNDA:0,(anonymous_6)
FNDA:0,(anonymous_7)
FNDA:0,(anonymous_8)
FNDA:8,(anonymous_9)
DA:10,1
DA:14,1
DA:15,4
DA:16,4
DA:17,4
DA:18,4
DA:20,4
DA:21,1
DA:22,1
DA:26,1
DA:29,4
DA:30,0
DA:31,0
DA:32,0
DA:36,0
DA:37,0
DA:40,4
DA:48,1
DA:54,5
DA:60,0
DA:68,0
DA:70,0
DA:75,8
LF:23
LH:15
BRDA:21,0,0,0
BRDA:21,0,1,1
BRDA:30,1,0,0
BRDA:30,1,1,0
BRDA:32,2,0,0
BRDA:32,2,1,0
BRDA:62,3,0,5
BRDA:62,3,1,0
BRF:8
BRH:2
end_of_record
TN:
SF:components\MarkdownRenderer.tsx
FN:7,(anonymous_0)
FN:8,(anonymous_1)
FN:14,(anonymous_2)
FN:36,(anonymous_3)
FNF:4
FNH:0
FNDA:0,(anonymous_0)
FNDA:0,(anonymous_1)
FNDA:0,(anonymous_2)
FNDA:0,(anonymous_3)
DA:7,1
DA:8,0
DA:9,0
DA:10,0
DA:11,0
DA:14,0
DA:16,0
DA:19,0
DA:22,0
DA:23,0
DA:24,0
DA:29,0
DA:32,0
DA:33,0
DA:34,0
DA:36,0
DA:37,0
DA:39,0
DA:40,0
DA:42,0
DA:43,0
DA:48,0
DA:50,0
DA:51,0
DA:56,0
DA:57,0
DA:64,0
LF:27
LH:1
BRDA:22,0,0,0
BRDA:22,0,1,0
BRDA:22,1,0,0
BRDA:22,1,1,0
BRDA:37,2,0,0
BRDA:37,2,1,0
BRDA:39,3,0,0
BRDA:39,3,1,0
BRDA:42,4,0,0
BRDA:42,4,1,0
BRDA:50,5,0,0
BRDA:50,5,1,0
BRDA:56,6,0,0
BRDA:56,6,1,0
BRF:14
BRH:0
end_of_record
TN:
SF:components\MarketPrices.tsx
FN:13,MarketPrices
FN:16,(anonymous_1)
FN:38,(anonymous_2)
FN:39,(anonymous_3)
FN:47,(anonymous_4)
FN:86,(anonymous_5)
FN:90,(anonymous_6)
FN:103,(anonymous_7)
FN:110,(anonymous_8)
FNF:9
FNH:7
FNDA:3,MarketPrices
FNDA:2,(anonymous_1)
FNDA:2,(anonymous_2)
FNDA:2,(anonymous_3)
FNDA:1,(anonymous_4)
FNDA:24,(anonymous_5)
FNDA:0,(anonymous_6)
FNDA:0,(anonymous_7)
FNDA:1,(anonymous_8)
DA:15,3
DA:16,3
DA:17,2
DA:18,2
DA:20,3
DA:21,3
DA:22,3
DA:26,3
DA:38,3
DA:39,2
DA:40,2
DA:41,2
DA:42,2
DA:43,2
DA:47,3
DA:48,1
DA:49,1
DA:50,1
DA:51,1
DA:53,0
DA:54,0
DA:55,0
DA:56,0
DA:57,0
DA:58,0
DA:59,0
DA:60,0
DA:62,0
DA:63,0
DA:65,0
DA:69,3
DA:87,24
DA:90,0
DA:103,0
DA:110,1
LF:35
LH:22
BRDA:18,0,0,0
BRDA:18,0,1,2
BRDA:26,1,0,3
BRDA:26,1,1,0
BRDA:48,2,0,1
BRDA:48,2,1,1
BRDA:49,3,0,1
BRDA:49,3,1,0
BRDA:62,4,0,0
BRDA:62,4,1,0
BRDA:63,5,0,0
BRDA:63,5,1,0
BRDA:114,6,0,0
BRDA:114,6,1,3
BRDA:118,7,0,3
BRDA:118,7,1,1
BRDA:121,8,0,3
BRDA:121,8,1,3
BRDA:121,8,2,0
BRDA:124,9,0,0
BRDA:124,9,1,0
BRF:21
BRH:10
end_of_record
TN:
SF:contexts\NotificationContext.tsx
FN:22,(anonymous_0)
FN:23,(anonymous_1)
FN:24,(anonymous_2)
FN:29,(anonymous_3)
FN:35,(anonymous_4)
FN:38,(anonymous_5)
FN:42,(anonymous_6)
FN:46,(anonymous_7)
FN:54,(anonymous_8)
FN:55,(anonymous_9)
FN:55,(anonymous_10)
FN:58,(anonymous_11)
FN:74,(anonymous_12)
FN:81,(anonymous_13)
FN:94,getNotificationClass
FNF:15
FNH:1
FNDA:0,(anonymous_0)
FNDA:0,(anonymous_1)
FNDA:0,(anonymous_2)
FNDA:3,(anonymous_3)
FNDA:0,(anonymous_4)
FNDA:0,(anonymous_5)
FNDA:0,(anonymous_6)
FNDA:0,(anonymous_7)
FNDA:0,(anonymous_8)
FNDA:0,(anonymous_9)
FNDA:0,(anonymous_10)
FNDA:0,(anonymous_11)
FNDA:0,(anonymous_12)
FNDA:0,(anonymous_13)
FNDA:0,getNotificationClass
DA:20,1
DA:27,1
DA:29,3
DA:35,1
DA:36,0
DA:38,0
DA:39,0
DA:40,0
DA:42,0
DA:43,0
DA:45,0
DA:46,0
DA:47,0
DA:51,0
DA:54,0
DA:55,0
DA:58,0
DA:59,0
DA:62,0
DA:69,0
DA:75,0
DA:81,0
DA:95,0
DA:97,0
DA:99,0
DA:101,0
DA:104,0
LF:27
LH:4
BRDA:38,0,0,0
BRDA:45,1,0,0
BRDA:45,1,1,0
BRDA:72,2,0,0
BRDA:72,2,1,0
BRDA:95,3,0,0
BRDA:95,3,1,0
BRDA:95,3,2,0
BRDA:95,3,3,0
BRDA:95,3,4,0
BRF:10
BRH:0
end_of_record
TN:
SF:src\firebaseConfig.js
FNF:0
FNH:0
DA:5,1
DA:16,1
DA:17,1
LF:3
LH:3
BRF:0
BRH:0
end_of_record
TN:
SF:utils\analytics.ts
FN:7,(anonymous_0)
FN:10,(anonymous_1)
FN:14,(anonymous_2)
FN:18,(anonymous_3)
FNF:4
FNH:0
FNDA:0,(anonymous_0)
FNDA:0,(anonymous_1)
FNDA:0,(anonymous_2)
FNDA:0,(anonymous_3)
DA:5,1
DA:7,0
DA:11,0
DA:15,0
DA:19,0
LF:5
LH:1
BRF:0
BRH:0
end_of_record
